#
# There is insufficient memory for the Java Runtime Environment to continue.
# Native memory allocation (malloc) failed to allocate 1516176 bytes for Chunk::new
# Possible reasons:
#   The system is out of physical RAM or swap space
#   In 32 bit mode, the process size limit was hit
# Possible solutions:
#   Reduce memory load on the system
#   Increase physical memory or swap space
#   Check if swap backing store is full
#   Use 64 bit Java on a 64 bit OS
#   Decrease Java heap size (-Xmx/-Xms)
#   Decrease number of Java threads
#   Decrease Java thread stack sizes (-Xss)
#   Set larger code cache with -XX:ReservedCodeCacheSize=
# This output file may be truncated or incomplete.
#
#  Out of Memory Error (allocation.cpp:390), pid=13992, tid=0x0000000000002738
#
# JRE version: Java(TM) SE Runtime Environment (8.0_172-b11) (build 1.8.0_172-b11)
# Java VM: Java HotSpot(TM) 64-Bit Server VM (25.172-b11 mixed mode windows-amd64 compressed oops)
# Failed to write core dump. Minidumps are not enabled by default on client versions of Windows
#

---------------  T H R E A D  ---------------

Current thread (0x0000000016239000):  JavaThread "C2 CompilerThread1" daemon [_thread_in_native, id=10040, stack(0x0000000017f10000,0x0000000018010000)]

Stack: [0x0000000017f10000,0x0000000018010000]
[error occurred during error reporting (printing stack bounds), id 0xc0000005]

Native frames: (J=compiled Java code, j=interpreted, Vv=VM code, C=native code)


Current CompileTask:
C2:  28421 4816       4       groovy.lang.MetaClassImpl$1MOPIter::methodNameAction (325 bytes)


---------------  P R O C E S S  ---------------

Java Threads: ( => current thread )
  0x000000001a17a000 JavaThread "Cache worker for Build Output Cleanup Cache (D:\workspace\inyaa-oauth\.gradle\buildOutputCleanup)" [_thread_blocked, id=19912, stack(0x0000000023760000,0x0000000023860000)]
  0x000000001a179000 JavaThread "Build operations Thread 6" [_thread_blocked, id=13104, stack(0x0000000023210000,0x0000000023310000)]
  0x000000001a177000 JavaThread "Build operations Thread 5" [_thread_blocked, id=1304, stack(0x0000000022e30000,0x0000000022f30000)]
  0x000000001a178800 JavaThread "Build operations Thread 4" [_thread_blocked, id=12180, stack(0x0000000021c90000,0x0000000021d90000)]
  0x000000001a17a800 JavaThread "Build operations Thread 3" [_thread_blocked, id=9024, stack(0x0000000020b80000,0x0000000020c80000)]
  0x000000001a176000 JavaThread "Build operations Thread 2" [_thread_blocked, id=19240, stack(0x0000000020a80000,0x0000000020b80000)]
  0x000000001a177800 JavaThread "Build operations" [_thread_blocked, id=13324, stack(0x0000000020980000,0x0000000020a80000)]
  0x0000000019eeb800 JavaThread "Cache worker for execution history cache (C:\Users\Admin\.gradle\caches\6.3\executionHistory)" [_thread_blocked, id=18560, stack(0x000000001e640000,0x000000001e740000)]
  0x0000000019eea000 JavaThread "Cache worker for cache directory md-rule (C:\Users\Admin\.gradle\caches\6.3\md-rule)" [_thread_blocked, id=17268, stack(0x000000001e540000,0x000000001e640000)]
  0x0000000019ee9000 JavaThread "Cache worker for cache directory md-supplier (C:\Users\Admin\.gradle\caches\6.3\md-supplier)" [_thread_blocked, id=8400, stack(0x000000001e440000,0x000000001e540000)]
  0x0000000019eef000 JavaThread "Cache worker for file hash cache (D:\workspace\inyaa-oauth\.gradle\6.3\fileHashes)" [_thread_blocked, id=11628, stack(0x000000001ecb0000,0x000000001edb0000)]
  0x0000000019eed000 JavaThread "Cache worker for checksums cache (D:\workspace\inyaa-oauth\.gradle\checksums)" [_thread_blocked, id=13088, stack(0x000000001e9b0000,0x000000001eab0000)]
  0x0000000019ee8800 JavaThread "Cache worker for file hash cache (C:\Users\Admin\.gradle\caches\6.3\fileHashes)" [_thread_blocked, id=10236, stack(0x000000001bfa0000,0x000000001c0a0000)]
  0x0000000019eec000 JavaThread "File lock request listener" [_thread_in_native, id=12092, stack(0x000000001bea0000,0x000000001bfa0000)]
  0x0000000019eea800 JavaThread "Cache worker for journal cache (C:\Users\Admin\.gradle\caches\journal-1)" [_thread_blocked, id=19248, stack(0x000000001bda0000,0x000000001bea0000)]
  0x0000000019e84800 JavaThread "Thread-9" [_thread_blocked, id=10328, stack(0x000000001baa0000,0x000000001bba0000)]
  0x0000000019de8800 JavaThread "Stdin handler" [_thread_blocked, id=6156, stack(0x000000001b9a0000,0x000000001baa0000)]
  0x0000000019de5000 JavaThread "Asynchronous log dispatcher for DefaultDaemonConnection: socket connection from /127.0.0.1:56567 to /127.0.0.1:56568" [_thread_blocked, id=20372, stack(0x000000001b8a0000,0x000000001b9a0000)]
  0x0000000019dd8000 JavaThread "Daemon worker" [_thread_in_native, id=6556, stack(0x000000001b7a0000,0x000000001b8a0000)]
  0x0000000019e83000 JavaThread "Cancel handler" [_thread_blocked, id=18540, stack(0x000000001b5a0000,0x000000001b6a0000)]
  0x0000000019bf9000 JavaThread "Handler for socket connection from /127.0.0.1:56567 to /127.0.0.1:56568" [_thread_in_native, id=7228, stack(0x000000001b2a0000,0x000000001b3a0000)]
  0x0000000019bf8000 JavaThread "Daemon" [_thread_blocked, id=19632, stack(0x000000001b1a0000,0x000000001b2a0000)]
  0x0000000019dd5000 JavaThread "Daemon periodic checks" [_thread_blocked, id=1648, stack(0x000000001b0a0000,0x000000001b1a0000)]
  0x0000000019da9800 JavaThread "Incoming local TCP Connector on port 56567" [_thread_in_native, id=8276, stack(0x000000001aef0000,0x000000001aff0000)]
  0x0000000019d2f800 JavaThread "Daemon health stats" [_thread_blocked, id=13996, stack(0x000000001abd0000,0x000000001acd0000)]
  0x00000000162c7000 JavaThread "Service Thread" daemon [_thread_blocked, id=12668, stack(0x0000000018210000,0x0000000018310000)]
  0x0000000016242800 JavaThread "C1 CompilerThread3" daemon [_thread_blocked, id=11488, stack(0x0000000018110000,0x0000000018210000)]
  0x0000000016242000 JavaThread "C2 CompilerThread2" daemon [_thread_in_native, id=4888, stack(0x0000000018010000,0x0000000018110000)]
=>0x0000000016239000 JavaThread "C2 CompilerThread1" daemon [_thread_in_native, id=10040, stack(0x0000000017f10000,0x0000000018010000)]
  0x0000000016231800 JavaThread "C2 CompilerThread0" daemon [_thread_in_native, id=15124, stack(0x0000000017e10000,0x0000000017f10000)]
  0x00000000161dd000 JavaThread "Attach Listener" daemon [_thread_blocked, id=19180, stack(0x0000000017d10000,0x0000000017e10000)]
  0x00000000161dc000 JavaThread "Signal Dispatcher" daemon [_thread_blocked, id=17872, stack(0x0000000017c10000,0x0000000017d10000)]
  0x00000000161c3800 JavaThread "Finalizer" daemon [_thread_blocked, id=15696, stack(0x0000000017420000,0x0000000017520000)]
  0x000000000306a000 JavaThread "Reference Handler" daemon [_thread_blocked, id=12336, stack(0x0000000017320000,0x0000000017420000)]
  0x0000000002bed800 JavaThread "main" [_thread_blocked, id=14292, stack(0x0000000002a70000,0x0000000002b70000)]

Other Threads:
  0x00000000161a2800 VMThread [stack: 0x0000000017220000,0x0000000017320000] [id=4792]
  0x00000000162e8800 WatcherThread [stack: 0x0000000018330000,0x0000000018430000] [id=1232]

VM state:not at safepoint (normal execution)

VM Mutex/Monitor currently owned by a thread: None

Heap:
 PSYoungGen      total 135168K, used 57485K [0x00000000f5580000, 0x00000000feb00000, 0x0000000100000000)
  eden space 122368K, 36% used [0x00000000f5580000,0x00000000f8126368,0x00000000fcd00000)
  from space 12800K, 99% used [0x00000000fde80000,0x00000000feafd348,0x00000000feb00000)
  to   space 14848K, 0% used [0x00000000fce00000,0x00000000fce00000,0x00000000fdc80000)
 ParOldGen       total 186880K, used 16149K [0x00000000e0000000, 0x00000000eb680000, 0x00000000f5580000)
  object space 186880K, 8% used [0x00000000e0000000,0x00000000e0fc5628,0x00000000eb680000)
 Metaspace       used 49029K, capacity 51124K, committed 51456K, reserved 1093632K
  class space    used 6829K, capacity 7301K, committed 7424K, reserved 1048576K

Card table byte_map: [0x0000000012430000,0x0000000012540000] byte_map_base: 0x0000000011d30000

Marking Bits: (ParMarkBitMap*) 0x0000000074bd3c10
 Begin Bits: [0x0000000012ff0000, 0x00000000137f0000)
 End Bits:   [0x00000000137f0000, 0x0000000013ff0000)

Polling page: 0x00000000028f0000

CodeCache: size=245760Kb used=15913Kb max_used=15913Kb free=229846Kb
 bounds [0x0000000003070000, 0x0000000004010000, 0x0000000012070000]
 total_blobs=5249 nmethods=4465 adapters=696
 compilation: enabled

Compilation events (10 events):
Event: 28.283 Thread 0x0000000016242000 4918       4       com.sun.beans.TypeResolver::resolve (37 bytes)
Event: 28.285 Thread 0x0000000016242800 nmethod 4923 0x0000000003ffc7d0 code [0x0000000003ffcc40, 0x0000000003fffe48]
Event: 28.285 Thread 0x0000000016242800 4925       3       org.gradle.api.internal.provider.Collectors$TypedCollector::size (10 bytes)
Event: 28.286 Thread 0x0000000016242800 nmethod 4925 0x0000000003ac0f50 code [0x0000000003ac10c0, 0x0000000003ac12e8]
Event: 28.286 Thread 0x0000000016242800 4926       3       sun.misc.Unsafe::getAndAddLong (27 bytes)
Event: 28.286 Thread 0x0000000016242800 nmethod 4926 0x0000000003feabd0 code [0x0000000003fead40, 0x0000000003feaf50]
Event: 28.292 Thread 0x0000000016242800 4929       3       java.io.ObjectStreamField::getClassSignature (242 bytes)
Event: 28.299 Thread 0x0000000016242800 nmethod 4929 0x00000000040017d0 code [0x0000000004001ea0, 0x0000000004006d78]
Event: 28.346 Thread 0x0000000016242800 4932       3       kotlin.jvm.internal.Intrinsics::checkParameterIsNotNull (9 bytes)
Event: 28.347 Thread 0x0000000016242800 nmethod 4932 0x0000000003fea790 code [0x0000000003fea900, 0x0000000003feaaa8]

GC Heap History (10 events):
Event: 6.258 GC heap before
{Heap before GC invocations=6 (full 1):
 PSYoungGen      total 76288K, used 73339K [0x00000000f5580000, 0x00000000fc880000, 0x0000000100000000)
  eden space 65536K, 100% used [0x00000000f5580000,0x00000000f9580000,0x00000000f9580000)
  from space 10752K, 72% used [0x00000000fa000000,0x00000000fa79ed30,0x00000000faa80000)
  to   space 10752K, 0% used [0x00000000f9580000,0x00000000f9580000,0x00000000fa000000)
 ParOldGen       total 175104K, used 11420K [0x00000000e0000000, 0x00000000eab00000, 0x00000000f5580000)
  object space 175104K, 6% used [0x00000000e0000000,0x00000000e0b27230,0x00000000eab00000)
 Metaspace       used 32660K, capacity 33872K, committed 34048K, reserved 1079296K
  class space    used 4530K, capacity 4798K, committed 4864K, reserved 1048576K
Event: 6.268 GC heap after
Heap after GC invocations=6 (full 1):
 PSYoungGen      total 76288K, used 8457K [0x00000000f5580000, 0x00000000fcf00000, 0x0000000100000000)
  eden space 65536K, 0% used [0x00000000f5580000,0x00000000f5580000,0x00000000f9580000)
  from space 10752K, 78% used [0x00000000f9580000,0x00000000f9dc2788,0x00000000fa000000)
  to   space 12800K, 0% used [0x00000000fc280000,0x00000000fc280000,0x00000000fcf00000)
 ParOldGen       total 175104K, used 11428K [0x00000000e0000000, 0x00000000eab00000, 0x00000000f5580000)
  object space 175104K, 6% used [0x00000000e0000000,0x00000000e0b29230,0x00000000eab00000)
 Metaspace       used 32660K, capacity 33872K, committed 34048K, reserved 1079296K
  class space    used 4530K, capacity 4798K, committed 4864K, reserved 1048576K
}
Event: 6.680 GC heap before
{Heap before GC invocations=7 (full 1):
 PSYoungGen      total 76288K, used 39425K [0x00000000f5580000, 0x00000000fcf00000, 0x0000000100000000)
  eden space 65536K, 47% used [0x00000000f5580000,0x00000000f73bddb8,0x00000000f9580000)
  from space 10752K, 78% used [0x00000000f9580000,0x00000000f9dc2788,0x00000000fa000000)
  to   space 12800K, 0% used [0x00000000fc280000,0x00000000fc280000,0x00000000fcf00000)
 ParOldGen       total 175104K, used 11428K [0x00000000e0000000, 0x00000000eab00000, 0x00000000f5580000)
  object space 175104K, 6% used [0x00000000e0000000,0x00000000e0b29230,0x00000000eab00000)
 Metaspace       used 34182K, capacity 35362K, committed 35496K, reserved 1079296K
  class space    used 4745K, capacity 5036K, committed 5120K, reserved 1048576K
Event: 6.691 GC heap after
Heap after GC invocations=7 (full 1):
 PSYoungGen      total 112128K, used 8363K [0x00000000f5580000, 0x00000000fd480000, 0x0000000100000000)
  eden space 99328K, 0% used [0x00000000f5580000,0x00000000f5580000,0x00000000fb680000)
  from space 12800K, 65% used [0x00000000fc280000,0x00000000fcaaae10,0x00000000fcf00000)
  to   space 12288K, 0% used [0x00000000fb680000,0x00000000fb680000,0x00000000fc280000)
 ParOldGen       total 175104K, used 11436K [0x00000000e0000000, 0x00000000eab00000, 0x00000000f5580000)
  object space 175104K, 6% used [0x00000000e0000000,0x00000000e0b2b230,0x00000000eab00000)
 Metaspace       used 34182K, capacity 35362K, committed 35496K, reserved 1079296K
  class space    used 4745K, capacity 5036K, committed 5120K, reserved 1048576K
}
Event: 6.691 GC heap before
{Heap before GC invocations=8 (full 2):
 PSYoungGen      total 112128K, used 8363K [0x00000000f5580000, 0x00000000fd480000, 0x0000000100000000)
  eden space 99328K, 0% used [0x00000000f5580000,0x00000000f5580000,0x00000000fb680000)
  from space 12800K, 65% used [0x00000000fc280000,0x00000000fcaaae10,0x00000000fcf00000)
  to   space 12288K, 0% used [0x00000000fb680000,0x00000000fb680000,0x00000000fc280000)
 ParOldGen       total 175104K, used 11436K [0x00000000e0000000, 0x00000000eab00000, 0x00000000f5580000)
  object space 175104K, 6% used [0x00000000e0000000,0x00000000e0b2b230,0x00000000eab00000)
 Metaspace       used 34182K, capacity 35362K, committed 35496K, reserved 1079296K
  class space    used 4745K, capacity 5036K, committed 5120K, reserved 1048576K
Event: 6.808 GC heap after
Heap after GC invocations=8 (full 2):
 PSYoungGen      total 112128K, used 0K [0x00000000f5580000, 0x00000000fd480000, 0x0000000100000000)
  eden space 99328K, 0% used [0x00000000f5580000,0x00000000f5580000,0x00000000fb680000)
  from space 12800K, 0% used [0x00000000fc280000,0x00000000fc280000,0x00000000fcf00000)
  to   space 12288K, 0% used [0x00000000fb680000,0x00000000fb680000,0x00000000fc280000)
 ParOldGen       total 186880K, used 15021K [0x00000000e0000000, 0x00000000eb680000, 0x00000000f5580000)
  object space 186880K, 8% used [0x00000000e0000000,0x00000000e0eab570,0x00000000eb680000)
 Metaspace       used 34182K, capacity 35362K, committed 35496K, reserved 1079296K
  class space    used 4745K, capacity 5036K, committed 5120K, reserved 1048576K
}
Event: 8.436 GC heap before
{Heap before GC invocations=9 (full 2):
 PSYoungGen      total 112128K, used 99328K [0x00000000f5580000, 0x00000000fd480000, 0x0000000100000000)
  eden space 99328K, 100% used [0x00000000f5580000,0x00000000fb680000,0x00000000fb680000)
  from space 12800K, 0% used [0x00000000fc280000,0x00000000fc280000,0x00000000fcf00000)
  to   space 12288K, 0% used [0x00000000fb680000,0x00000000fb680000,0x00000000fc280000)
 ParOldGen       total 186880K, used 15021K [0x00000000e0000000, 0x00000000eb680000, 0x00000000f5580000)
  object space 186880K, 8% used [0x00000000e0000000,0x00000000e0eab570,0x00000000eb680000)
 Metaspace       used 42010K, capacity 43544K, committed 43904K, reserved 1087488K
  class space    used 5798K, capacity 6149K, committed 6272K, reserved 1048576K
Event: 8.450 GC heap after
Heap after GC invocations=9 (full 2):
 PSYoungGen      total 111616K, used 11234K [0x00000000f5580000, 0x00000000feb00000, 0x0000000100000000)
  eden space 99328K, 0% used [0x00000000f5580000,0x00000000f5580000,0x00000000fb680000)
  from space 12288K, 91% used [0x00000000fb680000,0x00000000fc1789d8,0x00000000fc280000)
  to   space 12800K, 0% used [0x00000000fde80000,0x00000000fde80000,0x00000000feb00000)
 ParOldGen       total 186880K, used 15029K [0x00000000e0000000, 0x00000000eb680000, 0x00000000f5580000)
  object space 186880K, 8% used [0x00000000e0000000,0x00000000e0ead570,0x00000000eb680000)
 Metaspace       used 42010K, capacity 43544K, committed 43904K, reserved 1087488K
  class space    used 5798K, capacity 6149K, committed 6272K, reserved 1048576K
}
Event: 28.010 GC heap before
{Heap before GC invocations=10 (full 2):
 PSYoungGen      total 111616K, used 110562K [0x00000000f5580000, 0x00000000feb00000, 0x0000000100000000)
  eden space 99328K, 100% used [0x00000000f5580000,0x00000000fb680000,0x00000000fb680000)
  from space 12288K, 91% used [0x00000000fb680000,0x00000000fc1789d8,0x00000000fc280000)
  to   space 12800K, 0% used [0x00000000fde80000,0x00000000fde80000,0x00000000feb00000)
 ParOldGen       total 186880K, used 15029K [0x00000000e0000000, 0x00000000eb680000, 0x00000000f5580000)
  object space 186880K, 8% used [0x00000000e0000000,0x00000000e0ead570,0x00000000eb680000)
 Metaspace       used 47839K, capacity 49890K, committed 50176K, reserved 1091584K
  class space    used 6652K, capacity 7051K, committed 7168K, reserved 1048576K
Event: 28.032 GC heap after
Heap after GC invocations=10 (full 2):
 PSYoungGen      total 135168K, used 12788K [0x00000000f5580000, 0x00000000feb00000, 0x0000000100000000)
  eden space 122368K, 0% used [0x00000000f5580000,0x00000000f5580000,0x00000000fcd00000)
  from space 12800K, 99% used [0x00000000fde80000,0x00000000feafd348,0x00000000feb00000)
  to   space 14848K, 0% used [0x00000000fce00000,0x00000000fce00000,0x00000000fdc80000)
 ParOldGen       total 186880K, used 16149K [0x00000000e0000000, 0x00000000eb680000, 0x00000000f5580000)
  object space 186880K, 8% used [0x00000000e0000000,0x00000000e0fc5628,0x00000000eb680000)
 Metaspace       used 47839K, capacity 49890K, committed 50176K, reserved 1091584K
  class space    used 6652K, capacity 7051K, committed 7168K, reserved 1048576K
}

Deoptimization events (10 events):
Event: 27.623 Thread 0x0000000019dd8000 Uncommon trap: reason=unstable_if action=reinterpret pc=0x0000000003c17014 method=java.util.HashMap.putVal(ILjava/lang/Object;Ljava/lang/Object;ZZ)Ljava/lang/Object; @ 109
Event: 27.623 Thread 0x0000000019dd8000 Uncommon trap: reason=unstable_if action=reinterpret pc=0x000000000325406c method=java.util.HashMap.getNode(ILjava/lang/Object;)Ljava/util/HashMap$Node; @ 84
Event: 27.623 Thread 0x0000000019dd8000 Uncommon trap: reason=unstable_if action=reinterpret pc=0x00000000033a2948 method=java.util.HashMap.resize()[Ljava/util/HashMap$Node; @ 206
Event: 27.832 Thread 0x0000000019dd8000 Uncommon trap: reason=speculate_class_check action=maybe_recompile pc=0x0000000003d55be8 method=com.google.common.collect.AbstractIndexedListIterator.next()Ljava/lang/Object; @ 27
Event: 28.052 Thread 0x0000000019dd8000 Uncommon trap: reason=bimorphic action=maybe_recompile pc=0x00000000037e827c method=java.util.WeakHashMap.eq(Ljava/lang/Object;Ljava/lang/Object;)Z @ 7
Event: 28.067 Thread 0x0000000019dd8000 Uncommon trap: reason=unstable_if action=reinterpret pc=0x0000000003c61a68 method=org.codehaus.groovy.runtime.metaclass.MetaMethodIndex.addMethodToList(Ljava/lang/Object;Lgroovy/lang/MetaMethod;)Ljava/lang/Object; @ 256
Event: 28.134 Thread 0x0000000019dd8000 Uncommon trap: reason=unstable_if action=reinterpret pc=0x0000000003c66cdc method=org.codehaus.groovy.reflection.CachedMethod.compareToMethod(Ljava/lang/reflect/Method;)I @ 43
Event: 28.140 Thread 0x0000000019dd8000 Uncommon trap: reason=null_check action=make_not_entrant pc=0x0000000003cd69b4 method=org.gradle.util.internal.SimpleMapInterner.intern(Ljava/lang/Object;)Ljava/lang/Object; @ 2
Event: 28.140 Thread 0x0000000019dd8000 Uncommon trap: reason=unstable_if action=reinterpret pc=0x0000000003cdb2ec method=org.gradle.util.internal.SimpleMapInterner.intern(Ljava/lang/String;)Ljava/lang/String; @ 1
Event: 28.184 Thread 0x0000000019dd8000 Uncommon trap: reason=unstable_if action=reinterpret pc=0x0000000003bd3d4c method=org.objectweb.asm.Type.getArgumentsAndReturnSizes(Ljava/lang/String;)I @ 117

Classes redefined (0 events):
No events

Internal exceptions (10 events):
Event: 28.253 Thread 0x0000000019dd8000 Exception <a 'java/lang/ClassNotFoundException': org/gradle/api/DefaultTaskCustomizer> (0x00000000f71a0748) thrown at [C:\re\workspace\8-2-build-windows-amd64-cygwin\jdk8u172\10810\hotspot\src\share\vm\classfile\systemDictionary.cpp, line 210]
Event: 28.255 Thread 0x0000000019dd8000 Exception <a 'java/lang/ClassNotFoundException': org/gradle/api/internal/ConventionTaskCustomizer> (0x00000000f71ddba0) thrown at [C:\re\workspace\8-2-build-windows-amd64-cygwin\jdk8u172\10810\hotspot\src\share\vm\classfile\systemDictionary.cpp, line 210]
Event: 28.257 Thread 0x0000000019dd8000 Exception <a 'java/lang/ClassNotFoundException': org/gradle/api/tasks/testing/AbstractTestTaskCustomizer> (0x00000000f7234630) thrown at [C:\re\workspace\8-2-build-windows-amd64-cygwin\jdk8u172\10810\hotspot\src\share\vm\classfile\systemDictionary.cpp, li
Event: 28.260 Thread 0x0000000019dd8000 Exception <a 'java/lang/ClassNotFoundException': org/gradle/api/tasks/testing/TestCustomizer> (0x00000000f729f2c0) thrown at [C:\re\workspace\8-2-build-windows-amd64-cygwin\jdk8u172\10810\hotspot\src\share\vm\classfile\systemDictionary.cpp, line 210]
Event: 28.268 Thread 0x0000000019dd8000 Exception <a 'java/lang/ClassNotFoundException': org/gradle/api/tasks/testing/Test_DecoratedCustomizer> (0x00000000f73c15d0) thrown at [C:\re\workspace\8-2-build-windows-amd64-cygwin\jdk8u172\10810\hotspot\src\share\vm\classfile\systemDictionary.cpp, line
Event: 28.293 Thread 0x0000000019e84800 Exception <a 'java/lang/NoSuchMethodError': <clinit>> (0x00000000f7590540) thrown at [C:\re\workspace\8-2-build-windows-amd64-cygwin\jdk8u172\10810\hotspot\src\share\vm\prims\jni.cpp, line 1613]
Event: 28.294 Thread 0x0000000019e84800 Exception <a 'java/lang/NoSuchMethodError': <clinit>> (0x00000000f7591a90) thrown at [C:\re\workspace\8-2-build-windows-amd64-cygwin\jdk8u172\10810\hotspot\src\share\vm\prims\jni.cpp, line 1613]
Event: 28.295 Thread 0x0000000019e84800 Exception <a 'java/lang/NoSuchMethodError': <clinit>> (0x00000000f759be10) thrown at [C:\re\workspace\8-2-build-windows-amd64-cygwin\jdk8u172\10810\hotspot\src\share\vm\prims\jni.cpp, line 1613]
Event: 28.296 Thread 0x0000000019e84800 Exception <a 'java/lang/NoSuchMethodError': <clinit>> (0x00000000f75a7020) thrown at [C:\re\workspace\8-2-build-windows-amd64-cygwin\jdk8u172\10810\hotspot\src\share\vm\prims\jni.cpp, line 1613]
Event: 28.298 Thread 0x0000000019e84800 Exception <a 'java/lang/NoSuchMethodError': <clinit>> (0x00000000f779a040) thrown at [C:\re\workspace\8-2-build-windows-amd64-cygwin\jdk8u172\10810\hotspot\src\share\vm\prims\jni.cpp, line 1613]

Events (10 events):
Event: 28.391 loading class kotlin/reflect/jvm/internal/impl/resolve/DescriptorUtils
Event: 28.391 loading class kotlin/reflect/jvm/internal/impl/resolve/DescriptorUtils done
Event: 28.393 loading class kotlin/reflect/jvm/internal/impl/descriptors/DeclarationDescriptorWithVisibility
Event: 28.393 loading class kotlin/reflect/jvm/internal/impl/descriptors/DeclarationDescriptorWithVisibility done
Event: 28.412 loading class kotlin/reflect/jvm/internal/impl/builtins/KotlinBuiltIns$FqNames
Event: 28.412 loading class kotlin/reflect/jvm/internal/impl/builtins/KotlinBuiltIns$FqNames done
Event: 28.415 loading class kotlin/reflect/jvm/internal/impl/builtins/PrimitiveType
Event: 28.415 loading class kotlin/reflect/jvm/internal/impl/builtins/PrimitiveType done
Event: 28.416 loading class kotlin/reflect/jvm/internal/impl/utils/CollectionsKt
Event: 28.416 loading class kotlin/reflect/jvm/internal/impl/utils/CollectionsKt done


Dynamic libraries:
0x00007ff62f150000 - 0x00007ff62f187000 	D:\Java\jdk1.8.0_172\bin\java.exe
0x00007ff835aa0000 - 0x00007ff835c90000 	C:\WINDOWS\SYSTEM32\ntdll.dll
0x00007ff8345e0000 - 0x00007ff834692000 	C:\WINDOWS\System32\KERNEL32.DLL
0x00007ff833610000 - 0x00007ff8338b3000 	C:\WINDOWS\System32\KERNELBASE.dll
0x00007ff835070000 - 0x00007ff835113000 	C:\WINDOWS\System32\ADVAPI32.dll
0x00007ff833d80000 - 0x00007ff833e1e000 	C:\WINDOWS\System32\msvcrt.dll
0x00007ff833ce0000 - 0x00007ff833d77000 	C:\WINDOWS\System32\sechost.dll
0x00007ff833f50000 - 0x00007ff834070000 	C:\WINDOWS\System32\RPCRT4.dll
0x00007ff834120000 - 0x00007ff8342b4000 	C:\WINDOWS\System32\USER32.dll
0x00007ff833940000 - 0x00007ff833961000 	C:\WINDOWS\System32\win32u.dll
0x00007ff835220000 - 0x00007ff835246000 	C:\WINDOWS\System32\GDI32.dll
0x00007ff833380000 - 0x00007ff833514000 	C:\WINDOWS\System32\gdi32full.dll
0x00007ff833570000 - 0x00007ff83360e000 	C:\WINDOWS\System32\msvcp_win.dll
0x00007ff833260000 - 0x00007ff83335a000 	C:\WINDOWS\System32\ucrtbase.dll
0x00007ff82a3d0000 - 0x00007ff82a655000 	C:\WINDOWS\WinSxS\amd64_microsoft.windows.common-controls_6595b64144ccf1df_6.0.18362.720_none_e6beb5c51314836b\COMCTL32.dll
0x00007ff834770000 - 0x00007ff834aa6000 	C:\WINDOWS\System32\combase.dll
0x00007ff8338c0000 - 0x00007ff833940000 	C:\WINDOWS\System32\bcryptPrimitives.dll
0x00007ff833cb0000 - 0x00007ff833cde000 	C:\WINDOWS\System32\IMM32.DLL
0x0000000057900000 - 0x0000000057a54000 	C:\WINDOWS\SysWOW64\5097\DseFileSystemExt64.dll
0x00007ff8359f0000 - 0x00007ff835a5f000 	C:\WINDOWS\System32\WS2_32.dll
0x00007ff8351c0000 - 0x00007ff835212000 	C:\WINDOWS\System32\SHLWAPI.dll
0x00007ff8342c0000 - 0x00007ff8342c8000 	C:\WINDOWS\System32\PSAPI.DLL
0x00007ff825910000 - 0x00007ff825ab3000 	C:\WINDOWS\WinSxS\amd64_microsoft.windows.gdiplus_6595b64144ccf1df_1.1.18362.720_none_17a9a8aa6da6fd39\gdiplus.dll
0x00007ff825ac0000 - 0x00007ff825b49000 	C:\WINDOWS\SYSTEM32\WINSPOOL.DRV
0x00007ff8329e0000 - 0x00007ff8329f1000 	C:\WINDOWS\System32\kernel.appcore.dll
0x00007ff833ac0000 - 0x00007ff833ae6000 	C:\WINDOWS\System32\bcrypt.dll
0x00007ff82d830000 - 0x00007ff82d91f000 	C:\WINDOWS\SYSTEM32\PROPSYS.dll
0x00007ff831ee0000 - 0x00007ff831f1a000 	C:\WINDOWS\SYSTEM32\IPHLPAPI.DLL
0x00007ff8346a0000 - 0x00007ff834764000 	C:\WINDOWS\System32\OLEAUT32.dll
0x00007ff835250000 - 0x00007ff8352f9000 	C:\WINDOWS\System32\shcore.dll
0x00007ff8319c0000 - 0x00007ff8319f1000 	C:\WINDOWS\SYSTEM32\ntmarta.dll
0x0000000074c60000 - 0x0000000074d32000 	D:\Java\jdk1.8.0_172\jre\bin\msvcr100.dll
0x00000000743b0000 - 0x0000000074c53000 	D:\Java\jdk1.8.0_172\jre\bin\server\jvm.dll
0x00007ff82be90000 - 0x00007ff82be99000 	C:\WINDOWS\SYSTEM32\WSOCK32.dll
0x00007ff827710000 - 0x00007ff827734000 	C:\WINDOWS\SYSTEM32\WINMM.dll
0x00007ff82a660000 - 0x00007ff82a66a000 	C:\WINDOWS\SYSTEM32\VERSION.dll
0x00007ff8276e0000 - 0x00007ff82770d000 	C:\WINDOWS\SYSTEM32\WINMMBASE.dll
0x00007ff833520000 - 0x00007ff83356a000 	C:\WINDOWS\System32\cfgmgr32.dll
0x00000000743a0000 - 0x00000000743af000 	D:\Java\jdk1.8.0_172\jre\bin\verify.dll
0x0000000074370000 - 0x0000000074399000 	D:\Java\jdk1.8.0_172\jre\bin\java.dll
0x0000000074350000 - 0x0000000074366000 	D:\Java\jdk1.8.0_172\jre\bin\zip.dll
0x0000000017520000 - 0x0000000017c05000 	C:\WINDOWS\System32\SHELL32.dll
0x00007ff832ae0000 - 0x00007ff833260000 	C:\WINDOWS\System32\windows.storage.dll
0x00007ff832a00000 - 0x00007ff832a23000 	C:\WINDOWS\System32\profapi.dll
0x00007ff832970000 - 0x00007ff8329ba000 	C:\WINDOWS\System32\powrprof.dll
0x00007ff832960000 - 0x00007ff832970000 	C:\WINDOWS\System32\UMPDC.dll
0x00007ff833360000 - 0x00007ff833377000 	C:\WINDOWS\System32\cryptsp.dll
0x0000000074330000 - 0x000000007434a000 	D:\Java\jdk1.8.0_172\jre\bin\net.dll
0x00007ff8321d0000 - 0x00007ff832237000 	C:\WINDOWS\system32\mswsock.dll
0x0000000074310000 - 0x0000000074321000 	D:\Java\jdk1.8.0_172\jre\bin\nio.dll
0x00007ff81b630000 - 0x00007ff81b657000 	C:\Users\Admin\.gradle\native\c976cfcca226fdd4bee4412e95191dd41148b7504f9625baeda1d523bc39a967\windows-amd64\native-platform.dll
0x0000000074300000 - 0x000000007430d000 	D:\Java\jdk1.8.0_172\jre\bin\management.dll
0x00007ff831d40000 - 0x00007ff831d73000 	C:\WINDOWS\system32\rsaenh.dll
0x00007ff832880000 - 0x00007ff8328a5000 	C:\WINDOWS\SYSTEM32\USERENV.dll
0x00007ff8323a0000 - 0x00007ff8323ac000 	C:\WINDOWS\SYSTEM32\CRYPTBASE.dll
0x00007ff833ca0000 - 0x00007ff833ca8000 	C:\WINDOWS\System32\NSI.dll
0x00007ff82d9a0000 - 0x00007ff82d9b6000 	C:\WINDOWS\SYSTEM32\dhcpcsvc6.DLL
0x00007ff82dcc0000 - 0x00007ff82dcdc000 	C:\WINDOWS\SYSTEM32\dhcpcsvc.DLL
0x00007ff831f20000 - 0x00007ff831fea000 	C:\WINDOWS\SYSTEM32\DNSAPI.dll
0x00000000742d0000 - 0x00000000742f4000 	D:\Java\jdk1.8.0_172\jre\bin\sunec.dll
0x00007ff82afd0000 - 0x00007ff82afda000 	C:\Windows\System32\rasadhlp.dll
0x00007ff82d6b0000 - 0x00007ff82d727000 	C:\WINDOWS\System32\fwpuclnt.dll
0x00000000742c0000 - 0x00000000742cb000 	D:\Java\jdk1.8.0_172\jre\bin\sunmscapi.dll
0x0000000023610000 - 0x0000000023759000 	C:\WINDOWS\System32\CRYPT32.dll
0x00007ff8329c0000 - 0x00007ff8329d2000 	C:\WINDOWS\System32\MSASN1.dll

VM Arguments:
jvm_args: -XX:MaxMetaspaceSize=256m -XX:+HeapDumpOnOutOfMemoryError -Xms256m -Xmx512m -Dfile.encoding=GBK -Duser.country=CN -Duser.language=zh -Duser.variant 
java_command: org.gradle.launcher.daemon.bootstrap.GradleDaemon 6.3
java_class_path (initial): C:\Users\Admin\.gradle\wrapper\dists\gradle-6.3-bin\8tpu6egwsccjzp10c1jckl0rx\gradle-6.3\lib\gradle-launcher-6.3.jar
Launcher Type: SUN_STANDARD

Environment Variables:
JAVA_HOME=D:\Java\jdk1.8.0_172
CLASSPATH=.;D:\Java\jdk1.8.0_172\lib;D:\Java\jdk1.8.0_172\lib\dt.jar;D:\Java\jdk1.8.0_172\lib\tools.jar
PATH=D:\Java\apache-maven-3.5.4\bin;D:\Java\jdk1.8.0_172\bin;D:\Java\jdk1.8.0_172\jre\bin;C:\Windows\system32;C:\Windows;C:\Windows\System32\Wbem;C:\Windows\System32\WindowsPowerShell\v1.0\;D:\java\TortoiseSVN\bin;C:\Windows\SysWOW64;C:\WINDOWS\system32;C:\WINDOWS;C:\WINDOWS\System32\Wbem;C:\WINDOWS\System32\WindowsPowerShell\v1.0\;C:\WINDOWS\System32\OpenSSH\;D:\java\Git\cmd;C:\Program Files (x86)\Yarn\bin\;C:\WINDOWS\system32;C:\WINDOWS;C:\WINDOWS\System32\Wbem;C:\WINDOWS\System32\WindowsPowerShell\v1.0\;C:\WINDOWS\System32\OpenSSH\;C:\WINDOWS\SysWOW64\5097;C:\WINDOWS\SysWOW64\5097;C:\Program Files\nodejs\;C:\Users\Admin\AppData\Local\Microsoft\WindowsApps;C:\Users\Admin\AppData\Local\Yarn\bin;C:\Program Files\Bandizip\;C:\Users\Admin\AppData\Local\BypassRuntm;C:\Users\Admin\AppData\Roaming\npm
USERNAME=Admin
OS=Windows_NT
PROCESSOR_IDENTIFIER=Intel64 Family 6 Model 44 Stepping 2, GenuineIntel



---------------  S Y S T E M  ---------------

OS: Windows 10.0 , 64 bit Build 18362 (10.0.18362.329)

CPU:total 12 (initial active 12) (6 cores per cpu, 2 threads per core) family 6 model 44 stepping 2, cmov, cx8, fxsr, mmx, sse, sse2, sse3, ssse3, sse4.1, sse4.2, popcnt, aes, clmul, ht, tsc, tscinvbit, tscinv

Memory: 4k page, physical 16768240k(3605564k free), swap 25870384k(6548k free)

vm_info: Java HotSpot(TM) 64-Bit Server VM (25.172-b11) for windows-amd64 JRE (1.8.0_172-b11), built on Mar 28 2018 21:21:52 by "java_re" with MS VC++ 10.0 (VS2010)

time: Thu Apr 02 15:16:13 2020
elapsed time: 28 seconds (0d 0h 0m 28s)

